Arguments: 
  C:\Program Files\nodejs\node.exe C:\Program Files (x86)\Yarn\bin\yarn.js

PATH: 
  C:\Program Files (x86)\Common Files\Oracle\Java\javapath;C:\Windows\system32;C:\Windows;C:\Windows\System32\Wbem;C:\Windows\System32\WindowsPowerShell\v1.0\;C:\Windows\System32\OpenSSH\;C:\Program Files\NVIDIA Corporation\NVIDIA NvDLISR;C:\Program Files (x86)\NVIDIA Corporation\PhysX\Common;C:\WINDOWS\system32;C:\WINDOWS;C:\WINDOWS\System32\Wbem;C:\WINDOWS\System32\WindowsPowerShell\v1.0\;C:\WINDOWS\System32\OpenSSH\;C:\Program Files\Git\cmd;C:\Program Files\WireGuard\;C:\Program Files\Docker\Docker\resources\bin;C:\ProgramData\DockerDesktop\version-bin;C:\Program Files\nodejs\;C:\ProgramData\chocolatey\bin;C:\Program Files (x86)\Yarn\bin\;C:\Users\paulo\maven\bin;C:\Users\paulo\anaconda3;C:\Users\paulo\anaconda3\Library\mingw-w64\bin;C:\Users\paulo\anaconda3\Library\usr\bin;C:\Users\paulo\anaconda3\Library\bin;C:\Users\paulo\anaconda3\Scripts;C:\Users\paulo\AppData\Local\Microsoft\WindowsApps;C:\Users\paulo\AppData\Local\Programs\Microsoft VS Code\bin;C:\Program Files\JetBrains\IntelliJ IDEA 2020.3\bin;;C:\Users\paulo\AppData\Roaming\npm;C:\Users\paulo\AppData\Local\Yarn\bin

Yarn version: 
  1.22.5

Node version: 
  14.17.0

Platform: 
  win32 x64

Trace: 
  SyntaxError: C:\Users\paulo\projetos\react-native-lib-example\package.json: Unexpected token } in JSON at position 711
      at JSON.parse (<anonymous>)
      at C:\Program Files (x86)\Yarn\lib\cli.js:1625:59
      at Generator.next (<anonymous>)
      at step (C:\Program Files (x86)\Yarn\lib\cli.js:310:30)
      at C:\Program Files (x86)\Yarn\lib\cli.js:321:13

npm manifest: 
  {
    "main": "node_modules/expo/AppEntry.js",
    "scripts": {
      "start": "expo start",
      "android": "expo start --android",
      "ios": "expo start --ios",
      "web": "expo start --web",
      "eject": "expo eject",
      "prestorybook": "rnstl",
      "storybook": "start-storybook -p 7007",
      "build-storybook": "build-storybook"
    },
    "dependencies": {
      "@shopify/restyle": "^1.4.0",
      "@storybook/addon-notes": "^5.3.21",
      "@storybook/addon-ondevice-notes": "^5.3.23",
      "expo": "~42.0.1",
      "expo-status-bar": "~1.0.4",
      "react": "16.13.1",
      "react-dom": "16.13.1",
      "react-native": "https://github.com/expo/react-native/archive/sdk-42.0.0.tar.gz",
      "react-native-web": "~0.13.12",
    },
    "devDependencies": {
      "@babel/core": "^7.9.0",
      "@react-native-community/bob": "^0.17.1",
      "@storybook/addon-actions": "^5.3",
      "@storybook/addon-knobs": "^5.3",
      "@storybook/addon-links": "^5.3",
      "@storybook/addon-ondevice-actions": "^5.3.23",
      "@storybook/addon-ondevice-knobs": "^5.3.25",
      "@storybook/react-native": "^5.3.25",
      "@storybook/react-native-server": "^5.3.23",
      "@types/react": "~16.9.35",
      "@types/react-native": "~0.63.2",
      "babel-loader": "^8.2.2",
      "eslint": "^7.32.0",
      "react-native-storybook-loader": "^2.0.4",
      "typescript": "~4.0.0"
    },
    "private": true
  }

yarn manifest: 
  No manifest

Lockfile: 
  No lockfile
